<?xml version="1.0" encoding="UTF-8"?>
<!-- Generated by org.testng.reporters.JUnitReportReporter -->
<testsuite hostname="DESKTOP-RD1FFPJ" failures="0" tests="1" name="testrunners.TestRunner" time="10.390" errors="0" timestamp="2025-05-01T15:36:02 IST" skipped="0">
  <testcase classname="testrunners.TestRunner" name="runScenario" time="10.390"/>
</testsuite> <!-- testrunners.TestRunner -->
