<?xml version="1.0" encoding="UTF-8"?>
<!-- Generated by org.testng.reporters.JUnitReportReporter -->
<testsuite hostname="DESKTOP-RD1FFPJ" failures="0" tests="1" name="testrunners.TestRunner" time="6.997" errors="0" timestamp="2025-05-05T16:13:01 IST" skipped="0">
  <testcase classname="testrunners.TestRunner" name="runScenario" time="6.997"/>
</testsuite> <!-- testrunners.TestRunner -->
