<?xml version="1.0" encoding="UTF-8"?>
<!-- Generated by org.testng.reporters.JUnitReportReporter -->
<testsuite hostname="DESKTOP-RD1FFPJ" failures="0" tests="1" name="testrunners.TestRunner" time="7.330" errors="0" timestamp="2025-05-02T12:38:41 IST" skipped="0">
  <testcase classname="testrunners.TestRunner" name="runScenario" time="7.330"/>
</testsuite> <!-- testrunners.TestRunner -->
